2023-05-27 14:18:52,001 [1] INFO Microsoft.Hosting.Lifetime - Now listening on: http://localhost:5178
2023-05-27 14:18:52,200 [1] INFO Microsoft.Hosting.Lifetime - Application started. Press Ctrl+C to shut down.
2023-05-27 14:18:52,216 [1] INFO Microsoft.Hosting.Lifetime - Hosting environment: Development
2023-05-27 14:18:52,220 [1] INFO Microsoft.Hosting.Lifetime - Content root path: F:\C#Project\EMP_API\EmployeeManagement\
2023-05-27 14:21:54,749 [1] INFO Microsoft.Hosting.Lifetime - Now listening on: http://localhost:5178
2023-05-27 14:21:54,810 [1] INFO Microsoft.Hosting.Lifetime - Application started. Press Ctrl+C to shut down.
2023-05-27 14:21:54,818 [1] INFO Microsoft.Hosting.Lifetime - Hosting environment: Development
2023-05-27 14:21:54,841 [1] INFO Microsoft.Hosting.Lifetime - Content root path: F:\C#Project\EMP_API\EmployeeManagement\
2023-05-27 14:23:44,480 [1] INFO Microsoft.Hosting.Lifetime - Now listening on: http://localhost:5178
2023-05-27 14:23:44,516 [1] INFO Microsoft.Hosting.Lifetime - Application started. Press Ctrl+C to shut down.
2023-05-27 14:23:44,520 [1] INFO Microsoft.Hosting.Lifetime - Hosting environment: Development
2023-05-27 14:23:44,523 [1] INFO Microsoft.Hosting.Lifetime - Content root path: F:\C#Project\EMP_API\EmployeeManagement\
2023-05-27 14:28:43,040 [1] INFO Microsoft.Hosting.Lifetime - Now listening on: http://localhost:5178
2023-05-27 14:28:43,099 [1] INFO Microsoft.Hosting.Lifetime - Application started. Press Ctrl+C to shut down.
2023-05-27 14:28:43,119 [1] INFO Microsoft.Hosting.Lifetime - Hosting environment: Development
2023-05-27 14:28:43,125 [1] INFO Microsoft.Hosting.Lifetime - Content root path: F:\C#Project\EMP_API\EmployeeManagement\
2023-05-27 14:34:20,758 [1] INFO Microsoft.Hosting.Lifetime - Now listening on: http://localhost:5178
2023-05-27 14:34:20,822 [1] INFO Microsoft.Hosting.Lifetime - Application started. Press Ctrl+C to shut down.
2023-05-27 14:34:20,827 [1] INFO Microsoft.Hosting.Lifetime - Hosting environment: Development
2023-05-27 14:34:20,831 [1] INFO Microsoft.Hosting.Lifetime - Content root path: F:\C#Project\EMP_API\EmployeeManagement\
2023-05-27 14:38:11,213 [1] INFO Microsoft.Hosting.Lifetime - Now listening on: http://localhost:5178
2023-05-27 14:38:11,277 [1] INFO Microsoft.Hosting.Lifetime - Application started. Press Ctrl+C to shut down.
2023-05-27 14:38:11,290 [1] INFO Microsoft.Hosting.Lifetime - Hosting environment: Development
2023-05-27 14:38:11,295 [1] INFO Microsoft.Hosting.Lifetime - Content root path: F:\C#Project\EMP_API\EmployeeManagement\
2023-05-27 14:54:16,315 [1] INFO Microsoft.Hosting.Lifetime - Now listening on: http://localhost:5178
2023-05-27 14:54:16,382 [1] INFO Microsoft.Hosting.Lifetime - Application started. Press Ctrl+C to shut down.
2023-05-27 14:54:16,397 [1] INFO Microsoft.Hosting.Lifetime - Hosting environment: Development
2023-05-27 14:54:16,403 [1] INFO Microsoft.Hosting.Lifetime - Content root path: F:\C#Project\EMP_API\EmployeeManagement\
2023-05-28 14:29:52,984 [1] INFO Microsoft.Hosting.Lifetime - Now listening on: http://localhost:5178
2023-05-28 14:29:53,077 [1] INFO Microsoft.Hosting.Lifetime - Application started. Press Ctrl+C to shut down.
2023-05-28 14:29:53,092 [1] INFO Microsoft.Hosting.Lifetime - Hosting environment: Development
2023-05-28 14:29:53,097 [1] INFO Microsoft.Hosting.Lifetime - Content root path: F:\C#Project\EMP_API\EmployeeManagement\
2023-05-28 16:05:59,644 [1] INFO Microsoft.Hosting.Lifetime - Now listening on: http://localhost:5178
2023-05-28 16:05:59,706 [1] INFO Microsoft.Hosting.Lifetime - Application started. Press Ctrl+C to shut down.
2023-05-28 16:05:59,723 [1] INFO Microsoft.Hosting.Lifetime - Hosting environment: Development
2023-05-28 16:05:59,726 [1] INFO Microsoft.Hosting.Lifetime - Content root path: F:\C#Project\EMP_API\EmployeeManagement\
2023-05-28 16:35:19,992 [1] INFO Microsoft.Hosting.Lifetime - Now listening on: http://localhost:5178
2023-05-28 16:35:20,139 [1] INFO Microsoft.Hosting.Lifetime - Application started. Press Ctrl+C to shut down.
2023-05-28 16:35:20,206 [1] INFO Microsoft.Hosting.Lifetime - Hosting environment: Development
2023-05-28 16:35:20,240 [1] INFO Microsoft.Hosting.Lifetime - Content root path: F:\C#Project\EMP_API\EmployeeManagement\
2023-05-28 16:38:38,446 [1] INFO Microsoft.Hosting.Lifetime - Now listening on: http://localhost:5178
2023-05-28 16:38:38,563 [1] INFO Microsoft.Hosting.Lifetime - Application started. Press Ctrl+C to shut down.
2023-05-28 16:38:38,614 [1] INFO Microsoft.Hosting.Lifetime - Hosting environment: Development
2023-05-28 16:38:38,651 [1] INFO Microsoft.Hosting.Lifetime - Content root path: F:\C#Project\EMP_API\EmployeeManagement\
2023-05-28 17:05:56,567 [1] INFO Microsoft.Hosting.Lifetime - Now listening on: http://localhost:5178
2023-05-28 17:05:56,615 [1] INFO Microsoft.Hosting.Lifetime - Application started. Press Ctrl+C to shut down.
2023-05-28 17:05:56,620 [1] INFO Microsoft.Hosting.Lifetime - Hosting environment: Development
2023-05-28 17:05:56,624 [1] INFO Microsoft.Hosting.Lifetime - Content root path: F:\C#Project\EMP_API\EmployeeManagement\
2023-05-28 17:25:29,252 [1] INFO Microsoft.Hosting.Lifetime - Now listening on: http://localhost:5178
2023-05-28 17:25:29,344 [1] INFO Microsoft.Hosting.Lifetime - Application started. Press Ctrl+C to shut down.
2023-05-28 17:25:29,349 [1] INFO Microsoft.Hosting.Lifetime - Hosting environment: Development
2023-05-28 17:25:29,355 [1] INFO Microsoft.Hosting.Lifetime - Content root path: F:\C#Project\EMP_API\EmployeeManagement\
2023-05-28 17:32:41,832 [1] INFO Microsoft.Hosting.Lifetime - Now listening on: http://localhost:5178
2023-05-28 17:32:42,044 [1] INFO Microsoft.Hosting.Lifetime - Application started. Press Ctrl+C to shut down.
2023-05-28 17:32:42,088 [1] INFO Microsoft.Hosting.Lifetime - Hosting environment: Development
2023-05-28 17:32:42,120 [1] INFO Microsoft.Hosting.Lifetime - Content root path: F:\C#Project\EMP_API\EmployeeManagement\
2023-05-28 17:40:28,825 [1] INFO Microsoft.Hosting.Lifetime - Now listening on: http://localhost:5178
2023-05-28 17:40:28,887 [1] INFO Microsoft.Hosting.Lifetime - Application started. Press Ctrl+C to shut down.
2023-05-28 17:40:28,892 [1] INFO Microsoft.Hosting.Lifetime - Hosting environment: Development
2023-05-28 17:40:28,899 [1] INFO Microsoft.Hosting.Lifetime - Content root path: F:\C#Project\EMP_API\EmployeeManagement\
2023-05-28 17:46:01,691 [1] INFO Microsoft.Hosting.Lifetime - Now listening on: http://localhost:5178
2023-05-28 17:46:01,760 [1] INFO Microsoft.Hosting.Lifetime - Application started. Press Ctrl+C to shut down.
2023-05-28 17:46:01,766 [1] INFO Microsoft.Hosting.Lifetime - Hosting environment: Development
2023-05-28 17:46:01,771 [1] INFO Microsoft.Hosting.Lifetime - Content root path: F:\C#Project\EMP_API\EmployeeManagement\
2023-05-28 18:03:50,156 [1] INFO Microsoft.Hosting.Lifetime - Now listening on: http://localhost:5178
2023-05-28 18:03:50,499 [1] INFO Microsoft.Hosting.Lifetime - Application started. Press Ctrl+C to shut down.
2023-05-28 18:03:50,571 [1] INFO Microsoft.Hosting.Lifetime - Hosting environment: Development
2023-05-28 18:03:50,588 [1] INFO Microsoft.Hosting.Lifetime - Content root path: F:\C#Project\EMP_API\EmployeeManagement\
2023-05-28 18:08:15,880 [1] INFO Microsoft.Hosting.Lifetime - Now listening on: http://localhost:5178
2023-05-28 18:08:16,005 [1] INFO Microsoft.Hosting.Lifetime - Application started. Press Ctrl+C to shut down.
2023-05-28 18:08:16,033 [1] INFO Microsoft.Hosting.Lifetime - Hosting environment: Development
2023-05-28 18:08:16,042 [1] INFO Microsoft.Hosting.Lifetime - Content root path: F:\C#Project\EMP_API\EmployeeManagement\
2023-05-28 18:15:46,148 [1] INFO Microsoft.Hosting.Lifetime - Now listening on: http://localhost:5178
2023-05-28 18:15:46,316 [1] INFO Microsoft.Hosting.Lifetime - Application started. Press Ctrl+C to shut down.
2023-05-28 18:15:46,340 [1] INFO Microsoft.Hosting.Lifetime - Hosting environment: Development
2023-05-28 18:15:46,353 [1] INFO Microsoft.Hosting.Lifetime - Content root path: F:\C#Project\EMP_API\EmployeeManagement\
2023-05-28 18:17:04,459 [1] INFO Microsoft.Hosting.Lifetime - Now listening on: http://localhost:5178
2023-05-28 18:17:04,553 [1] INFO Microsoft.Hosting.Lifetime - Application started. Press Ctrl+C to shut down.
2023-05-28 18:17:04,598 [1] INFO Microsoft.Hosting.Lifetime - Hosting environment: Development
2023-05-28 18:17:04,603 [1] INFO Microsoft.Hosting.Lifetime - Content root path: F:\C#Project\EMP_API\EmployeeManagement\
2023-05-28 18:20:25,759 [1] INFO Microsoft.Hosting.Lifetime - Now listening on: http://localhost:5178
2023-05-28 18:20:25,810 [1] INFO Microsoft.Hosting.Lifetime - Application started. Press Ctrl+C to shut down.
2023-05-28 18:20:25,825 [1] INFO Microsoft.Hosting.Lifetime - Hosting environment: Development
2023-05-28 18:20:25,833 [1] INFO Microsoft.Hosting.Lifetime - Content root path: F:\C#Project\EMP_API\EmployeeManagement\
2023-06-03 13:33:34,667 [1] INFO Microsoft.Hosting.Lifetime - Now listening on: http://localhost:5178
2023-06-03 13:33:34,742 [1] INFO Microsoft.Hosting.Lifetime - Application started. Press Ctrl+C to shut down.
2023-06-03 13:33:34,756 [1] INFO Microsoft.Hosting.Lifetime - Hosting environment: Development
2023-06-03 13:33:34,772 [1] INFO Microsoft.Hosting.Lifetime - Content root path: F:\C#Project\EMP_API\EmployeeManagement\
2023-06-03 15:47:42,871 [1] INFO Microsoft.Hosting.Lifetime - Now listening on: http://localhost:5178
2023-06-03 15:47:42,972 [1] INFO Microsoft.Hosting.Lifetime - Application started. Press Ctrl+C to shut down.
2023-06-03 15:47:42,976 [1] INFO Microsoft.Hosting.Lifetime - Hosting environment: Development
2023-06-03 15:47:42,981 [1] INFO Microsoft.Hosting.Lifetime - Content root path: F:\C#Project\EMP_API\EmployeeManagement\
2023-06-03 15:49:58,102 [1] INFO Microsoft.Hosting.Lifetime - Now listening on: http://localhost:5178
2023-06-03 15:49:58,140 [1] INFO Microsoft.Hosting.Lifetime - Application started. Press Ctrl+C to shut down.
2023-06-03 15:49:58,153 [1] INFO Microsoft.Hosting.Lifetime - Hosting environment: Development
2023-06-03 15:49:58,157 [1] INFO Microsoft.Hosting.Lifetime - Content root path: F:\C#Project\EMP_API\EmployeeManagement\
2023-06-03 15:59:06,065 [1] INFO Microsoft.Hosting.Lifetime - Now listening on: http://localhost:5178
2023-06-03 15:59:06,168 [1] INFO Microsoft.Hosting.Lifetime - Application started. Press Ctrl+C to shut down.
2023-06-03 15:59:06,173 [1] INFO Microsoft.Hosting.Lifetime - Hosting environment: Development
2023-06-03 15:59:06,177 [1] INFO Microsoft.Hosting.Lifetime - Content root path: F:\C#Project\EMP_API\EmployeeManagement\
2023-06-03 16:01:19,378 [1] INFO Microsoft.Hosting.Lifetime - Now listening on: http://localhost:5178
2023-06-03 16:01:19,450 [1] INFO Microsoft.Hosting.Lifetime - Application started. Press Ctrl+C to shut down.
2023-06-03 16:01:19,464 [1] INFO Microsoft.Hosting.Lifetime - Hosting environment: Development
2023-06-03 16:01:19,468 [1] INFO Microsoft.Hosting.Lifetime - Content root path: F:\C#Project\EMP_API\EmployeeManagement\
2023-06-03 17:39:21,020 [1] INFO Microsoft.Hosting.Lifetime - Now listening on: http://localhost:5178
2023-06-03 17:39:21,127 [1] INFO Microsoft.Hosting.Lifetime - Application started. Press Ctrl+C to shut down.
2023-06-03 17:39:21,139 [1] INFO Microsoft.Hosting.Lifetime - Hosting environment: Development
2023-06-03 17:39:21,156 [1] INFO Microsoft.Hosting.Lifetime - Content root path: F:\C#Project\EMP_API\EmployeeManagement\
2023-06-03 18:39:34,932 [1] INFO Microsoft.Hosting.Lifetime - Now listening on: http://localhost:5178
2023-06-03 18:39:35,012 [1] INFO Microsoft.Hosting.Lifetime - Application started. Press Ctrl+C to shut down.
2023-06-03 18:39:35,036 [1] INFO Microsoft.Hosting.Lifetime - Hosting environment: Development
2023-06-03 18:39:35,061 [1] INFO Microsoft.Hosting.Lifetime - Content root path: F:\C#Project\EMP_API\EmployeeManagement\
2023-06-03 20:10:33,979 [1] INFO Microsoft.Hosting.Lifetime - Now listening on: http://localhost:5178
2023-06-03 20:10:34,245 [1] INFO Microsoft.Hosting.Lifetime - Application started. Press Ctrl+C to shut down.
2023-06-03 20:10:34,320 [1] INFO Microsoft.Hosting.Lifetime - Hosting environment: Development
2023-06-03 20:10:34,377 [1] INFO Microsoft.Hosting.Lifetime - Content root path: F:\C#Project\EMP_API\EmployeeManagement\
2023-06-03 20:14:34,733 [1] INFO Microsoft.Hosting.Lifetime - Now listening on: http://localhost:5178
2023-06-03 20:14:34,882 [1] INFO Microsoft.Hosting.Lifetime - Application started. Press Ctrl+C to shut down.
2023-06-03 20:14:34,964 [1] INFO Microsoft.Hosting.Lifetime - Hosting environment: Development
2023-06-03 20:14:35,039 [1] INFO Microsoft.Hosting.Lifetime - Content root path: F:\C#Project\EMP_API\EmployeeManagement\
2023-06-04 14:07:41,774 [1] INFO Microsoft.Hosting.Lifetime - Now listening on: http://localhost:5178
2023-06-04 14:07:41,955 [1] INFO Microsoft.Hosting.Lifetime - Application started. Press Ctrl+C to shut down.
2023-06-04 14:07:41,962 [1] INFO Microsoft.Hosting.Lifetime - Hosting environment: Development
2023-06-04 14:07:41,966 [1] INFO Microsoft.Hosting.Lifetime - Content root path: F:\C#Project\EMP_API\EmployeeManagement\
2023-06-04 15:40:27,817 [1] INFO Microsoft.Hosting.Lifetime - Now listening on: http://localhost:5178
2023-06-04 15:40:28,114 [1] INFO Microsoft.Hosting.Lifetime - Application started. Press Ctrl+C to shut down.
2023-06-04 15:40:28,583 [1] INFO Microsoft.Hosting.Lifetime - Hosting environment: Development
2023-06-04 15:40:28,641 [1] INFO Microsoft.Hosting.Lifetime - Content root path: F:\C#Project\EMP_API\EmployeeManagement\
2023-06-04 16:00:47,886 [1] INFO Microsoft.Hosting.Lifetime - Now listening on: http://localhost:5178
2023-06-04 16:00:47,944 [1] INFO Microsoft.Hosting.Lifetime - Application started. Press Ctrl+C to shut down.
2023-06-04 16:00:47,952 [1] INFO Microsoft.Hosting.Lifetime - Hosting environment: Development
2023-06-04 16:00:47,956 [1] INFO Microsoft.Hosting.Lifetime - Content root path: F:\C#Project\EMP_API\EmployeeManagement\
2023-06-04 17:31:16,160 [1] INFO Microsoft.Hosting.Lifetime - Now listening on: http://localhost:5178
2023-06-04 17:31:16,280 [1] INFO Microsoft.Hosting.Lifetime - Application started. Press Ctrl+C to shut down.
2023-06-04 17:31:16,300 [1] INFO Microsoft.Hosting.Lifetime - Hosting environment: Development
2023-06-04 17:31:16,355 [1] INFO Microsoft.Hosting.Lifetime - Content root path: F:\C#Project\EMP_API\EmployeeManagement\
2023-06-04 17:31:53,194 [1] INFO Microsoft.Hosting.Lifetime - Now listening on: http://localhost:5178
2023-06-04 17:31:53,407 [1] INFO Microsoft.Hosting.Lifetime - Application started. Press Ctrl+C to shut down.
2023-06-04 17:31:53,588 [1] INFO Microsoft.Hosting.Lifetime - Hosting environment: Development
2023-06-04 17:31:53,693 [1] INFO Microsoft.Hosting.Lifetime - Content root path: F:\C#Project\EMP_API\EmployeeManagement\
2023-06-04 17:32:11,844 [11] ERROR Microsoft.AspNetCore.Diagnostics.DeveloperExceptionPageMiddleware - An unhandled exception has occurred while executing the request.
System.InvalidOperationException: Unable to resolve service for type 'CORE.Comman.ICommanDDLRepository' while attempting to activate 'EmployeeManagement.Controllers.CommanDDLController'.
   at Microsoft.Extensions.DependencyInjection.ActivatorUtilities.GetService(IServiceProvider sp, Type type, Type requiredBy, Boolean isDefaultParameterRequired)
   at lambda_method10(Closure , IServiceProvider , Object[] )
   at Microsoft.AspNetCore.Mvc.Controllers.ControllerActivatorProvider.<>c__DisplayClass7_0.<CreateActivator>b__0(ControllerContext controllerContext)
   at Microsoft.AspNetCore.Mvc.Controllers.ControllerFactoryProvider.<>c__DisplayClass6_0.<CreateControllerFactory>g__CreateController|0(ControllerContext controllerContext)
   at Microsoft.AspNetCore.Mvc.Infrastructure.ControllerActionInvoker.Next(State& next, Scope& scope, Object& state, Boolean& isCompleted)
   at Microsoft.AspNetCore.Mvc.Infrastructure.ControllerActionInvoker.InvokeInnerFilterAsync()
--- End of stack trace from previous location ---
   at Microsoft.AspNetCore.Mvc.Infrastructure.ResourceInvoker.<InvokeFilterPipelineAsync>g__Awaited|20_0(ResourceInvoker invoker, Task lastTask, State next, Scope scope, Object state, Boolean isCompleted)
   at Microsoft.AspNetCore.Mvc.Infrastructure.ResourceInvoker.<InvokeAsync>g__Awaited|17_0(ResourceInvoker invoker, Task task, IDisposable scope)
   at Microsoft.AspNetCore.Mvc.Infrastructure.ResourceInvoker.<InvokeAsync>g__Awaited|17_0(ResourceInvoker invoker, Task task, IDisposable scope)
   at Microsoft.AspNetCore.Routing.EndpointMiddleware.<Invoke>g__AwaitRequestTask|6_0(Endpoint endpoint, Task requestTask, ILogger logger)
   at Microsoft.AspNetCore.Authorization.AuthorizationMiddleware.Invoke(HttpContext context)
   at Microsoft.AspNetCore.Authentication.AuthenticationMiddleware.Invoke(HttpContext context)
   at Swashbuckle.AspNetCore.SwaggerUI.SwaggerUIMiddleware.Invoke(HttpContext httpContext)
   at Swashbuckle.AspNetCore.Swagger.SwaggerMiddleware.Invoke(HttpContext httpContext, ISwaggerProvider swaggerProvider)
   at Microsoft.AspNetCore.Diagnostics.DeveloperExceptionPageMiddleware.Invoke(HttpContext context)
2023-06-04 17:32:44,268 [19] ERROR Microsoft.AspNetCore.Diagnostics.DeveloperExceptionPageMiddleware - An unhandled exception has occurred while executing the request.
System.InvalidOperationException: Unable to resolve service for type 'CORE.Comman.ICommanDDLRepository' while attempting to activate 'EmployeeManagement.Controllers.CommanDDLController'.
   at Microsoft.Extensions.DependencyInjection.ActivatorUtilities.GetService(IServiceProvider sp, Type type, Type requiredBy, Boolean isDefaultParameterRequired)
   at lambda_method10(Closure , IServiceProvider , Object[] )
   at Microsoft.AspNetCore.Mvc.Controllers.ControllerActivatorProvider.<>c__DisplayClass7_0.<CreateActivator>b__0(ControllerContext controllerContext)
   at Microsoft.AspNetCore.Mvc.Controllers.ControllerFactoryProvider.<>c__DisplayClass6_0.<CreateControllerFactory>g__CreateController|0(ControllerContext controllerContext)
   at Microsoft.AspNetCore.Mvc.Infrastructure.ControllerActionInvoker.Next(State& next, Scope& scope, Object& state, Boolean& isCompleted)
   at Microsoft.AspNetCore.Mvc.Infrastructure.ControllerActionInvoker.InvokeInnerFilterAsync()
--- End of stack trace from previous location ---
   at Microsoft.AspNetCore.Mvc.Infrastructure.ResourceInvoker.<InvokeFilterPipelineAsync>g__Awaited|20_0(ResourceInvoker invoker, Task lastTask, State next, Scope scope, Object state, Boolean isCompleted)
   at Microsoft.AspNetCore.Mvc.Infrastructure.ResourceInvoker.<InvokeAsync>g__Awaited|17_0(ResourceInvoker invoker, Task task, IDisposable scope)
   at Microsoft.AspNetCore.Mvc.Infrastructure.ResourceInvoker.<InvokeAsync>g__Awaited|17_0(ResourceInvoker invoker, Task task, IDisposable scope)
   at Microsoft.AspNetCore.Routing.EndpointMiddleware.<Invoke>g__AwaitRequestTask|6_0(Endpoint endpoint, Task requestTask, ILogger logger)
   at Microsoft.AspNetCore.Authorization.AuthorizationMiddleware.Invoke(HttpContext context)
   at Microsoft.AspNetCore.Authentication.AuthenticationMiddleware.Invoke(HttpContext context)
   at Swashbuckle.AspNetCore.SwaggerUI.SwaggerUIMiddleware.Invoke(HttpContext httpContext)
   at Swashbuckle.AspNetCore.Swagger.SwaggerMiddleware.Invoke(HttpContext httpContext, ISwaggerProvider swaggerProvider)
   at Microsoft.AspNetCore.Diagnostics.DeveloperExceptionPageMiddleware.Invoke(HttpContext context)
2023-06-04 17:32:46,028 [21] ERROR Microsoft.AspNetCore.Diagnostics.DeveloperExceptionPageMiddleware - An unhandled exception has occurred while executing the request.
System.InvalidOperationException: Unable to resolve service for type 'CORE.Comman.ICommanDDLRepository' while attempting to activate 'EmployeeManagement.Controllers.CommanDDLController'.
   at Microsoft.Extensions.DependencyInjection.ActivatorUtilities.GetService(IServiceProvider sp, Type type, Type requiredBy, Boolean isDefaultParameterRequired)
   at lambda_method10(Closure , IServiceProvider , Object[] )
   at Microsoft.AspNetCore.Mvc.Controllers.ControllerActivatorProvider.<>c__DisplayClass7_0.<CreateActivator>b__0(ControllerContext controllerContext)
   at Microsoft.AspNetCore.Mvc.Controllers.ControllerFactoryProvider.<>c__DisplayClass6_0.<CreateControllerFactory>g__CreateController|0(ControllerContext controllerContext)
   at Microsoft.AspNetCore.Mvc.Infrastructure.ControllerActionInvoker.Next(State& next, Scope& scope, Object& state, Boolean& isCompleted)
   at Microsoft.AspNetCore.Mvc.Infrastructure.ControllerActionInvoker.InvokeInnerFilterAsync()
--- End of stack trace from previous location ---
   at Microsoft.AspNetCore.Mvc.Infrastructure.ResourceInvoker.<InvokeFilterPipelineAsync>g__Awaited|20_0(ResourceInvoker invoker, Task lastTask, State next, Scope scope, Object state, Boolean isCompleted)
   at Microsoft.AspNetCore.Mvc.Infrastructure.ResourceInvoker.<InvokeAsync>g__Awaited|17_0(ResourceInvoker invoker, Task task, IDisposable scope)
   at Microsoft.AspNetCore.Mvc.Infrastructure.ResourceInvoker.<InvokeAsync>g__Awaited|17_0(ResourceInvoker invoker, Task task, IDisposable scope)
   at Microsoft.AspNetCore.Routing.EndpointMiddleware.<Invoke>g__AwaitRequestTask|6_0(Endpoint endpoint, Task requestTask, ILogger logger)
   at Microsoft.AspNetCore.Authorization.AuthorizationMiddleware.Invoke(HttpContext context)
   at Microsoft.AspNetCore.Authentication.AuthenticationMiddleware.Invoke(HttpContext context)
   at Swashbuckle.AspNetCore.SwaggerUI.SwaggerUIMiddleware.Invoke(HttpContext httpContext)
   at Swashbuckle.AspNetCore.Swagger.SwaggerMiddleware.Invoke(HttpContext httpContext, ISwaggerProvider swaggerProvider)
   at Microsoft.AspNetCore.Diagnostics.DeveloperExceptionPageMiddleware.Invoke(HttpContext context)
2023-06-04 17:36:23,051 [1] INFO Microsoft.Hosting.Lifetime - Now listening on: http://localhost:5178
2023-06-04 17:36:23,115 [1] INFO Microsoft.Hosting.Lifetime - Application started. Press Ctrl+C to shut down.
2023-06-04 17:36:23,138 [1] INFO Microsoft.Hosting.Lifetime - Hosting environment: Development
2023-06-04 17:36:23,146 [1] INFO Microsoft.Hosting.Lifetime - Content root path: F:\C#Project\EMP_API\EmployeeManagement\
2023-06-05 22:59:32,017 [1] INFO Microsoft.Hosting.Lifetime - Now listening on: http://localhost:5178
2023-06-05 22:59:32,364 [1] INFO Microsoft.Hosting.Lifetime - Application started. Press Ctrl+C to shut down.
2023-06-05 22:59:32,445 [1] INFO Microsoft.Hosting.Lifetime - Hosting environment: Development
2023-06-05 22:59:32,605 [1] INFO Microsoft.Hosting.Lifetime - Content root path: F:\C#Project\EMP_API\EmployeeManagement\
2023-06-07 00:06:08,685 [1] INFO Microsoft.Hosting.Lifetime - Now listening on: http://localhost:5178
2023-06-07 00:06:08,784 [1] INFO Microsoft.Hosting.Lifetime - Application started. Press Ctrl+C to shut down.
2023-06-07 00:06:08,799 [1] INFO Microsoft.Hosting.Lifetime - Hosting environment: Development
2023-06-07 00:06:08,804 [1] INFO Microsoft.Hosting.Lifetime - Content root path: F:\C#Project\EMP_API\EmployeeManagement\
2023-06-07 22:34:52,577 [1] INFO Microsoft.Hosting.Lifetime - Now listening on: http://localhost:5178
2023-06-07 22:34:52,692 [1] INFO Microsoft.Hosting.Lifetime - Application started. Press Ctrl+C to shut down.
2023-06-07 22:34:52,705 [1] INFO Microsoft.Hosting.Lifetime - Hosting environment: Development
2023-06-07 22:34:52,727 [1] INFO Microsoft.Hosting.Lifetime - Content root path: F:\C#Project\EMP_API\EmployeeManagement\
2023-06-11 15:20:28,299 [1] INFO Microsoft.Hosting.Lifetime - Now listening on: http://localhost:5178
2023-06-11 15:20:28,383 [1] INFO Microsoft.Hosting.Lifetime - Application started. Press Ctrl+C to shut down.
2023-06-11 15:20:28,395 [1] INFO Microsoft.Hosting.Lifetime - Hosting environment: Development
2023-06-11 15:20:28,405 [1] INFO Microsoft.Hosting.Lifetime - Content root path: F:\C#Project\EMP_API\EmployeeManagement\
2023-06-17 18:06:40,361 [1] INFO Microsoft.Hosting.Lifetime - Now listening on: http://localhost:5178
2023-06-17 18:06:40,482 [1] INFO Microsoft.Hosting.Lifetime - Application started. Press Ctrl+C to shut down.
2023-06-17 18:06:40,524 [1] INFO Microsoft.Hosting.Lifetime - Hosting environment: Development
2023-06-17 18:06:40,550 [1] INFO Microsoft.Hosting.Lifetime - Content root path: F:\C#Project\EMP_API\EmployeeManagement\
2023-06-18 14:56:15,297 [1] INFO Microsoft.Hosting.Lifetime - Now listening on: http://localhost:5178
2023-06-18 14:56:15,496 [1] INFO Microsoft.Hosting.Lifetime - Application started. Press Ctrl+C to shut down.
2023-06-18 14:56:15,611 [1] INFO Microsoft.Hosting.Lifetime - Hosting environment: Development
2023-06-18 14:56:15,779 [1] INFO Microsoft.Hosting.Lifetime - Content root path: F:\C#Project\EMP_API\EmployeeManagement\
2023-07-30 14:54:02,577 [1] INFO Microsoft.Hosting.Lifetime - Now listening on: http://localhost:5178
2023-07-30 14:54:02,705 [1] INFO Microsoft.Hosting.Lifetime - Application started. Press Ctrl+C to shut down.
2023-07-30 14:54:02,715 [1] INFO Microsoft.Hosting.Lifetime - Hosting environment: Development
2023-07-30 14:54:02,734 [1] INFO Microsoft.Hosting.Lifetime - Content root path: F:\C#Project\EMP_API\EmployeeManagement\
2023-07-30 14:58:51,772 [12] ERROR EmployeeManagement.Controllers.AuthController - An error occurred in Login action
System.Data.SqlClient.SqlException (0x80131904): Login failed for user 'ankush'.  Reason: The password of the account has expired.
   at System.Data.SqlClient.SqlInternalConnectionTds..ctor(DbConnectionPoolIdentity identity, SqlConnectionString connectionOptions, SqlCredential credential, Object providerInfo, String newPassword, SecureString newSecurePassword, Boolean redirectedUserInstance, SqlConnectionString userConnectionOptions, SessionData reconnectSessionData, Boolean applyTransientFaultHandling, String accessToken)
   at System.Data.SqlClient.SqlConnectionFactory.CreateConnection(DbConnectionOptions options, DbConnectionPoolKey poolKey, Object poolGroupProviderInfo, DbConnectionPool pool, DbConnection owningConnection, DbConnectionOptions userOptions)
   at System.Data.ProviderBase.DbConnectionFactory.CreatePooledConnection(DbConnectionPool pool, DbConnection owningObject, DbConnectionOptions options, DbConnectionPoolKey poolKey, DbConnectionOptions userOptions)
   at System.Data.ProviderBase.DbConnectionPool.CreateObject(DbConnection owningObject, DbConnectionOptions userOptions, DbConnectionInternal oldConnection)
   at System.Data.ProviderBase.DbConnectionPool.UserCreateRequest(DbConnection owningObject, DbConnectionOptions userOptions, DbConnectionInternal oldConnection)
   at System.Data.ProviderBase.DbConnectionPool.TryGetConnection(DbConnection owningObject, UInt32 waitForMultipleObjectsTimeout, Boolean allowCreate, Boolean onlyOneCheckConnection, DbConnectionOptions userOptions, DbConnectionInternal& connection)
   at System.Data.ProviderBase.DbConnectionPool.TryGetConnection(DbConnection owningObject, TaskCompletionSource`1 retry, DbConnectionOptions userOptions, DbConnectionInternal& connection)
   at System.Data.ProviderBase.DbConnectionFactory.TryGetConnection(DbConnection owningConnection, TaskCompletionSource`1 retry, DbConnectionOptions userOptions, DbConnectionInternal oldConnection, DbConnectionInternal& connection)
   at System.Data.ProviderBase.DbConnectionInternal.TryOpenConnectionInternal(DbConnection outerConnection, DbConnectionFactory connectionFactory, TaskCompletionSource`1 retry, DbConnectionOptions userOptions)
   at System.Data.SqlClient.SqlConnection.TryOpen(TaskCompletionSource`1 retry)
   at System.Data.SqlClient.SqlConnection.Open()
   at Dapper.SqlMapper.QueryRowImpl[T](IDbConnection cnn, Row row, CommandDefinition& command, Type effectiveType) in /_/Dapper/SqlMapper.cs:line 1186
   at Dapper.SqlMapper.QueryFirstOrDefault[T](IDbConnection cnn, String sql, Object param, IDbTransaction transaction, Nullable`1 commandTimeout, Nullable`1 commandType) in /_/Dapper/SqlMapper.cs:line 774
   at EmployeeGeneric.Helper.Authenticates.GetUserDetails[T](String UserId, String Email) in F:\C#Project\EMP_API\EmployeeGeneric\Helper\Authenticates.cs:line 102
   at EmployeeGeneric.Helper.Authenticates.Authentication[T](AuthenticationRequest loginCredentials) in F:\C#Project\EMP_API\EmployeeGeneric\Helper\Authenticates.cs:line 54
   at EmployeeGeneric.Helper.Authenticates.Login[T](AuthenticationRequest loginCredentials) in F:\C#Project\EMP_API\EmployeeGeneric\Helper\Authenticates.cs:line 47
   at EmployeeManagement.Controllers.AuthController.Login(AuthenticationRequest loginCredentials) in F:\C#Project\EMP_API\EmployeeManagement\Controllers\AuthController.cs:line 50
ClientConnectionId:b8dc38dc-39f2-45cf-abd9-04e6f848596f
Error Number:18487,State:1,Class:14
2023-07-30 14:58:51,772 [18] ERROR EmployeeManagement.Controllers.AuthController - An error occurred in Login action
System.Data.SqlClient.SqlException (0x80131904): Login failed for user 'ankush'.  Reason: The password of the account has expired.
   at System.Data.ProviderBase.DbConnectionPool.TryGetConnection(DbConnection owningObject, UInt32 waitForMultipleObjectsTimeout, Boolean allowCreate, Boolean onlyOneCheckConnection, DbConnectionOptions userOptions, DbConnectionInternal& connection)
   at System.Data.ProviderBase.DbConnectionPool.TryGetConnection(DbConnection owningObject, TaskCompletionSource`1 retry, DbConnectionOptions userOptions, DbConnectionInternal& connection)
   at System.Data.ProviderBase.DbConnectionFactory.TryGetConnection(DbConnection owningConnection, TaskCompletionSource`1 retry, DbConnectionOptions userOptions, DbConnectionInternal oldConnection, DbConnectionInternal& connection)
   at System.Data.ProviderBase.DbConnectionInternal.TryOpenConnectionInternal(DbConnection outerConnection, DbConnectionFactory connectionFactory, TaskCompletionSource`1 retry, DbConnectionOptions userOptions)
   at System.Data.SqlClient.SqlConnection.TryOpen(TaskCompletionSource`1 retry)
   at System.Data.SqlClient.SqlConnection.Open()
   at Dapper.SqlMapper.QueryRowImpl[T](IDbConnection cnn, Row row, CommandDefinition& command, Type effectiveType) in /_/Dapper/SqlMapper.cs:line 1186
   at Dapper.SqlMapper.QueryFirstOrDefault[T](IDbConnection cnn, String sql, Object param, IDbTransaction transaction, Nullable`1 commandTimeout, Nullable`1 commandType) in /_/Dapper/SqlMapper.cs:line 774
   at EmployeeGeneric.Helper.Authenticates.GetUserDetails[T](String UserId, String Email) in F:\C#Project\EMP_API\EmployeeGeneric\Helper\Authenticates.cs:line 102
   at EmployeeGeneric.Helper.Authenticates.Authentication[T](AuthenticationRequest loginCredentials) in F:\C#Project\EMP_API\EmployeeGeneric\Helper\Authenticates.cs:line 54
   at EmployeeGeneric.Helper.Authenticates.Login[T](AuthenticationRequest loginCredentials) in F:\C#Project\EMP_API\EmployeeGeneric\Helper\Authenticates.cs:line 47
   at EmployeeManagement.Controllers.AuthController.Login(AuthenticationRequest loginCredentials) in F:\C#Project\EMP_API\EmployeeManagement\Controllers\AuthController.cs:line 50
ClientConnectionId:b8dc38dc-39f2-45cf-abd9-04e6f848596f
Error Number:18487,State:1,Class:14
2023-07-30 15:04:04,555 [1] INFO Microsoft.Hosting.Lifetime - Now listening on: http://localhost:5178
2023-07-30 15:04:04,613 [1] INFO Microsoft.Hosting.Lifetime - Application started. Press Ctrl+C to shut down.
2023-07-30 15:04:04,621 [1] INFO Microsoft.Hosting.Lifetime - Hosting environment: Development
2023-07-30 15:04:04,625 [1] INFO Microsoft.Hosting.Lifetime - Content root path: F:\C#Project\EMP_API\EmployeeManagement\
2023-09-05 21:55:11,286 [1] INFO Microsoft.Hosting.Lifetime - Now listening on: http://localhost:5178
2023-09-05 21:55:11,470 [1] INFO Microsoft.Hosting.Lifetime - Application started. Press Ctrl+C to shut down.
2023-09-05 21:55:11,475 [1] INFO Microsoft.Hosting.Lifetime - Hosting environment: Development
2023-09-05 21:55:11,481 [1] INFO Microsoft.Hosting.Lifetime - Content root path: F:\C#Project\EMP_API\EmployeeManagement\
2023-09-05 22:12:14,029 [1] INFO Microsoft.Hosting.Lifetime - Now listening on: http://localhost:5178
2023-09-05 22:12:14,138 [1] INFO Microsoft.Hosting.Lifetime - Application started. Press Ctrl+C to shut down.
2023-09-05 22:12:14,200 [1] INFO Microsoft.Hosting.Lifetime - Hosting environment: Development
2023-09-05 22:12:14,223 [1] INFO Microsoft.Hosting.Lifetime - Content root path: F:\C#Project\EMP_API\EmployeeManagement\
2023-09-05 22:13:41,446 [1] INFO Microsoft.Hosting.Lifetime - Now listening on: http://localhost:5178
2023-09-05 22:13:41,584 [1] INFO Microsoft.Hosting.Lifetime - Application started. Press Ctrl+C to shut down.
2023-09-05 22:13:41,592 [1] INFO Microsoft.Hosting.Lifetime - Hosting environment: Development
2023-09-05 22:13:41,599 [1] INFO Microsoft.Hosting.Lifetime - Content root path: F:\C#Project\EMP_API\EmployeeManagement\
2023-09-07 17:45:19,404 [1] INFO Microsoft.Hosting.Lifetime - Now listening on: http://localhost:5178
2023-09-07 17:45:19,520 [1] INFO Microsoft.Hosting.Lifetime - Application started. Press Ctrl+C to shut down.
2023-09-07 17:45:19,533 [1] INFO Microsoft.Hosting.Lifetime - Hosting environment: Development
2023-09-07 17:45:19,538 [1] INFO Microsoft.Hosting.Lifetime - Content root path: F:\C#Project\EMP_API\EmployeeManagement\
2023-09-07 17:58:49,695 [1] INFO Microsoft.Hosting.Lifetime - Now listening on: http://localhost:5178
2023-09-07 17:58:49,818 [1] INFO Microsoft.Hosting.Lifetime - Application started. Press Ctrl+C to shut down.
2023-09-07 17:58:49,827 [1] INFO Microsoft.Hosting.Lifetime - Hosting environment: Development
2023-09-07 17:58:49,833 [1] INFO Microsoft.Hosting.Lifetime - Content root path: F:\C#Project\EMP_API\EmployeeManagement\
2023-09-07 18:00:00,597 [1] INFO Microsoft.Hosting.Lifetime - Now listening on: http://localhost:5178
2023-09-07 18:00:00,677 [1] INFO Microsoft.Hosting.Lifetime - Application started. Press Ctrl+C to shut down.
2023-09-07 18:00:00,723 [1] INFO Microsoft.Hosting.Lifetime - Hosting environment: Development
2023-09-07 18:00:00,731 [1] INFO Microsoft.Hosting.Lifetime - Content root path: F:\C#Project\EMP_API\EmployeeManagement\
2023-09-07 18:00:47,038 [1] INFO Microsoft.Hosting.Lifetime - Now listening on: http://localhost:5178
2023-09-07 18:00:47,142 [1] INFO Microsoft.Hosting.Lifetime - Application started. Press Ctrl+C to shut down.
2023-09-07 18:00:47,198 [1] INFO Microsoft.Hosting.Lifetime - Hosting environment: Development
2023-09-07 18:00:47,221 [1] INFO Microsoft.Hosting.Lifetime - Content root path: F:\C#Project\EMP_API\EmployeeManagement\
2023-09-07 18:01:35,017 [1] INFO Microsoft.Hosting.Lifetime - Now listening on: http://localhost:5178
2023-09-07 18:01:35,128 [1] INFO Microsoft.Hosting.Lifetime - Application started. Press Ctrl+C to shut down.
2023-09-07 18:01:35,139 [1] INFO Microsoft.Hosting.Lifetime - Hosting environment: Development
2023-09-07 18:01:35,145 [1] INFO Microsoft.Hosting.Lifetime - Content root path: F:\C#Project\EMP_API\EmployeeManagement\
2023-09-07 18:04:27,532 [1] INFO Microsoft.Hosting.Lifetime - Now listening on: http://localhost:5178
2023-09-07 18:04:27,581 [1] INFO Microsoft.Hosting.Lifetime - Application started. Press Ctrl+C to shut down.
2023-09-07 18:04:27,590 [1] INFO Microsoft.Hosting.Lifetime - Hosting environment: Development
2023-09-07 18:04:27,594 [1] INFO Microsoft.Hosting.Lifetime - Content root path: F:\C#Project\EMP_API\EmployeeManagement\
2023-09-07 18:05:06,118 [1] INFO Microsoft.Hosting.Lifetime - Now listening on: http://localhost:5178
2023-09-07 18:05:06,158 [1] INFO Microsoft.Hosting.Lifetime - Application started. Press Ctrl+C to shut down.
2023-09-07 18:05:06,163 [1] INFO Microsoft.Hosting.Lifetime - Hosting environment: Development
2023-09-07 18:05:06,167 [1] INFO Microsoft.Hosting.Lifetime - Content root path: F:\C#Project\EMP_API\EmployeeManagement\
2023-09-07 18:06:00,034 [1] INFO Microsoft.Hosting.Lifetime - Now listening on: http://localhost:5178
2023-09-07 18:06:00,084 [1] INFO Microsoft.Hosting.Lifetime - Application started. Press Ctrl+C to shut down.
2023-09-07 18:06:00,088 [1] INFO Microsoft.Hosting.Lifetime - Hosting environment: Development
2023-09-07 18:06:00,096 [1] INFO Microsoft.Hosting.Lifetime - Content root path: F:\C#Project\EMP_API\EmployeeManagement\
2023-09-07 18:06:51,459 [1] INFO Microsoft.Hosting.Lifetime - Now listening on: http://localhost:5178
2023-09-07 18:06:51,508 [1] INFO Microsoft.Hosting.Lifetime - Application started. Press Ctrl+C to shut down.
2023-09-07 18:06:51,516 [1] INFO Microsoft.Hosting.Lifetime - Hosting environment: Development
2023-09-07 18:06:51,526 [1] INFO Microsoft.Hosting.Lifetime - Content root path: F:\C#Project\EMP_API\EmployeeManagement\
2023-09-07 18:06:53,949 [8] ERROR Microsoft.AspNetCore.Diagnostics.DeveloperExceptionPageMiddleware - An unhandled exception has occurred while executing the request.
System.InvalidOperationException: The constraint reference 'apiVersion' could not be resolved to a type. Register the constraint type with 'Microsoft.AspNetCore.Routing.RouteOptions.ConstraintMap'.
   at Microsoft.AspNetCore.Routing.DefaultParameterPolicyFactory.Create(RoutePatternParameterPart parameter, String inlineText)
   at Microsoft.AspNetCore.Routing.ParameterPolicyFactory.Create(RoutePatternParameterPart parameter, RoutePatternParameterPolicyReference reference)
   at Microsoft.AspNetCore.Routing.Matching.DfaMatcherBuilder.CreateCandidate(Endpoint endpoint, Int32 score)
   at Microsoft.AspNetCore.Routing.Matching.DfaMatcherBuilder.CreateCandidates(IReadOnlyList`1 endpoints)
   at Microsoft.AspNetCore.Routing.Matching.DfaMatcherBuilder.AddNode(DfaNode node, DfaState[] states, Int32 exitDestination)
   at Microsoft.AspNetCore.Routing.Matching.DfaMatcherBuilder.AddNode(DfaNode node, DfaState[] states, Int32 exitDestination)
   at Microsoft.AspNetCore.Routing.Matching.DfaMatcherBuilder.AddNode(DfaNode node, DfaState[] states, Int32 exitDestination)
   at Microsoft.AspNetCore.Routing.Matching.DfaMatcherBuilder.AddNode(DfaNode node, DfaState[] states, Int32 exitDestination)
   at Microsoft.AspNetCore.Routing.Matching.DfaMatcherBuilder.AddNode(DfaNode node, DfaState[] states, Int32 exitDestination)
   at Microsoft.AspNetCore.Routing.Matching.DfaMatcherBuilder.AddNode(DfaNode node, DfaState[] states, Int32 exitDestination)
   at Microsoft.AspNetCore.Routing.Matching.DfaMatcherBuilder.Build()
   at Microsoft.AspNetCore.Routing.Matching.DataSourceDependentMatcher.CreateMatcher(IReadOnlyList`1 endpoints)
   at Microsoft.AspNetCore.Routing.DataSourceDependentCache`1.Initialize()
   at System.Threading.LazyInitializer.EnsureInitializedCore[T](T& target, Boolean& initialized, Object& syncLock, Func`1 valueFactory)
   at System.Threading.LazyInitializer.EnsureInitialized[T](T& target, Boolean& initialized, Object& syncLock, Func`1 valueFactory)
   at Microsoft.AspNetCore.Routing.Matching.DataSourceDependentMatcher..ctor(EndpointDataSource dataSource, Lifetime lifetime, Func`1 matcherBuilderFactory)
   at Microsoft.AspNetCore.Routing.Matching.DfaMatcherFactory.CreateMatcher(EndpointDataSource dataSource)
   at Microsoft.AspNetCore.Routing.EndpointRoutingMiddleware.InitializeCoreAsync()
--- End of stack trace from previous location ---
   at Microsoft.AspNetCore.Routing.EndpointRoutingMiddleware.<Invoke>g__AwaitMatcher|8_0(EndpointRoutingMiddleware middleware, HttpContext httpContext, Task`1 matcherTask)
   at Microsoft.AspNetCore.Diagnostics.DeveloperExceptionPageMiddleware.Invoke(HttpContext context)
2023-09-07 18:06:55,796 [16] ERROR Microsoft.AspNetCore.Diagnostics.DeveloperExceptionPageMiddleware - An unhandled exception has occurred while executing the request.
System.InvalidOperationException: The constraint reference 'apiVersion' could not be resolved to a type. Register the constraint type with 'Microsoft.AspNetCore.Routing.RouteOptions.ConstraintMap'.
   at Microsoft.AspNetCore.Routing.DefaultParameterPolicyFactory.Create(RoutePatternParameterPart parameter, String inlineText)
   at Microsoft.AspNetCore.Routing.ParameterPolicyFactory.Create(RoutePatternParameterPart parameter, RoutePatternParameterPolicyReference reference)
   at Microsoft.AspNetCore.Routing.Matching.DfaMatcherBuilder.CreateCandidate(Endpoint endpoint, Int32 score)
   at Microsoft.AspNetCore.Routing.Matching.DfaMatcherBuilder.CreateCandidates(IReadOnlyList`1 endpoints)
   at Microsoft.AspNetCore.Routing.Matching.DfaMatcherBuilder.AddNode(DfaNode node, DfaState[] states, Int32 exitDestination)
   at Microsoft.AspNetCore.Routing.Matching.DfaMatcherBuilder.AddNode(DfaNode node, DfaState[] states, Int32 exitDestination)
   at Microsoft.AspNetCore.Routing.Matching.DfaMatcherBuilder.AddNode(DfaNode node, DfaState[] states, Int32 exitDestination)
   at Microsoft.AspNetCore.Routing.Matching.DfaMatcherBuilder.AddNode(DfaNode node, DfaState[] states, Int32 exitDestination)
   at Microsoft.AspNetCore.Routing.Matching.DfaMatcherBuilder.AddNode(DfaNode node, DfaState[] states, Int32 exitDestination)
   at Microsoft.AspNetCore.Routing.Matching.DfaMatcherBuilder.AddNode(DfaNode node, DfaState[] states, Int32 exitDestination)
   at Microsoft.AspNetCore.Routing.Matching.DfaMatcherBuilder.Build()
   at Microsoft.AspNetCore.Routing.Matching.DataSourceDependentMatcher.CreateMatcher(IReadOnlyList`1 endpoints)
   at Microsoft.AspNetCore.Routing.DataSourceDependentCache`1.Initialize()
   at System.Threading.LazyInitializer.EnsureInitializedCore[T](T& target, Boolean& initialized, Object& syncLock, Func`1 valueFactory)
   at System.Threading.LazyInitializer.EnsureInitialized[T](T& target, Boolean& initialized, Object& syncLock, Func`1 valueFactory)
   at Microsoft.AspNetCore.Routing.Matching.DataSourceDependentMatcher..ctor(EndpointDataSource dataSource, Lifetime lifetime, Func`1 matcherBuilderFactory)
   at Microsoft.AspNetCore.Routing.Matching.DfaMatcherFactory.CreateMatcher(EndpointDataSource dataSource)
   at Microsoft.AspNetCore.Routing.EndpointRoutingMiddleware.InitializeCoreAsync()
--- End of stack trace from previous location ---
   at Microsoft.AspNetCore.Routing.EndpointRoutingMiddleware.<Invoke>g__AwaitMatcher|8_0(EndpointRoutingMiddleware middleware, HttpContext httpContext, Task`1 matcherTask)
   at Microsoft.AspNetCore.Diagnostics.DeveloperExceptionPageMiddleware.Invoke(HttpContext context)
2023-09-07 18:14:05,184 [1] INFO Microsoft.Hosting.Lifetime - Now listening on: http://localhost:5178
2023-09-07 18:14:05,345 [1] INFO Microsoft.Hosting.Lifetime - Application started. Press Ctrl+C to shut down.
2023-09-07 18:14:05,418 [1] INFO Microsoft.Hosting.Lifetime - Hosting environment: Development
2023-09-07 18:14:05,461 [1] INFO Microsoft.Hosting.Lifetime - Content root path: F:\C#Project\EMP_API\EmployeeManagement\
2023-09-07 18:15:09,589 [1] INFO Microsoft.Hosting.Lifetime - Now listening on: http://localhost:5178
2023-09-07 18:15:09,799 [1] INFO Microsoft.Hosting.Lifetime - Application started. Press Ctrl+C to shut down.
2023-09-07 18:15:09,810 [1] INFO Microsoft.Hosting.Lifetime - Hosting environment: Development
2023-09-07 18:15:09,832 [1] INFO Microsoft.Hosting.Lifetime - Content root path: F:\C#Project\EMP_API\EmployeeManagement\
2023-09-07 18:19:40,015 [1] INFO Microsoft.Hosting.Lifetime - Now listening on: http://localhost:5178
2023-09-07 18:19:40,131 [1] INFO Microsoft.Hosting.Lifetime - Application started. Press Ctrl+C to shut down.
2023-09-07 18:19:40,146 [1] INFO Microsoft.Hosting.Lifetime - Hosting environment: Development
2023-09-07 18:19:40,176 [1] INFO Microsoft.Hosting.Lifetime - Content root path: F:\C#Project\EMP_API\EmployeeManagement\
2023-09-07 18:22:32,298 [1] INFO Microsoft.Hosting.Lifetime - Now listening on: http://localhost:5178
2023-09-07 18:22:32,356 [1] INFO Microsoft.Hosting.Lifetime - Application started. Press Ctrl+C to shut down.
2023-09-07 18:22:32,369 [1] INFO Microsoft.Hosting.Lifetime - Hosting environment: Development
2023-09-07 18:22:32,373 [1] INFO Microsoft.Hosting.Lifetime - Content root path: F:\C#Project\EMP_API\EmployeeManagement\
2023-09-07 18:23:34,922 [1] INFO Microsoft.Hosting.Lifetime - Now listening on: http://localhost:5178
2023-09-07 18:23:34,990 [1] INFO Microsoft.Hosting.Lifetime - Application started. Press Ctrl+C to shut down.
2023-09-07 18:23:35,005 [1] INFO Microsoft.Hosting.Lifetime - Hosting environment: Development
2023-09-07 18:23:35,016 [1] INFO Microsoft.Hosting.Lifetime - Content root path: F:\C#Project\EMP_API\EmployeeManagement\
2023-09-07 18:24:41,323 [1] INFO Microsoft.Hosting.Lifetime - Now listening on: http://localhost:5178
2023-09-07 18:24:41,413 [1] INFO Microsoft.Hosting.Lifetime - Application started. Press Ctrl+C to shut down.
2023-09-07 18:24:41,441 [1] INFO Microsoft.Hosting.Lifetime - Hosting environment: Development
2023-09-07 18:24:41,453 [1] INFO Microsoft.Hosting.Lifetime - Content root path: F:\C#Project\EMP_API\EmployeeManagement\
2023-09-17 20:33:15,390 [1] INFO Microsoft.Hosting.Lifetime - Now listening on: http://localhost:5178
2023-09-17 20:33:15,500 [1] INFO Microsoft.Hosting.Lifetime - Application started. Press Ctrl+C to shut down.
2023-09-17 20:33:15,506 [1] INFO Microsoft.Hosting.Lifetime - Hosting environment: Development
2023-09-17 20:33:15,510 [1] INFO Microsoft.Hosting.Lifetime - Content root path: F:\C#Project\EMP_API\EmployeeManagement\
2023-09-19 00:39:20,975 [1] INFO Microsoft.Hosting.Lifetime - Now listening on: http://localhost:5178
2023-09-19 00:39:21,080 [1] INFO Microsoft.Hosting.Lifetime - Application started. Press Ctrl+C to shut down.
2023-09-19 00:39:21,085 [1] INFO Microsoft.Hosting.Lifetime - Hosting environment: Development
2023-09-19 00:39:21,089 [1] INFO Microsoft.Hosting.Lifetime - Content root path: F:\C#Project\EMP_API\EmployeeManagement\
2023-09-19 20:12:02,847 [1] INFO Microsoft.Hosting.Lifetime - Now listening on: http://localhost:5178
2023-09-19 20:12:02,902 [1] INFO Microsoft.Hosting.Lifetime - Application started. Press Ctrl+C to shut down.
2023-09-19 20:12:02,906 [1] INFO Microsoft.Hosting.Lifetime - Hosting environment: Development
2023-09-19 20:12:02,910 [1] INFO Microsoft.Hosting.Lifetime - Content root path: F:\C#Project\EMP_API\EmployeeManagement\
2023-09-19 20:40:36,937 [1] INFO Microsoft.Hosting.Lifetime - Now listening on: http://localhost:5178
2023-09-19 20:40:37,023 [1] INFO Microsoft.Hosting.Lifetime - Application started. Press Ctrl+C to shut down.
2023-09-19 20:40:37,026 [1] INFO Microsoft.Hosting.Lifetime - Hosting environment: Development
2023-09-19 20:40:37,030 [1] INFO Microsoft.Hosting.Lifetime - Content root path: F:\C#Project\EMP_API\EmployeeManagement\
2023-09-19 22:34:57,244 [1] INFO Microsoft.Hosting.Lifetime - Now listening on: http://localhost:5178
2023-09-19 22:34:57,315 [1] INFO Microsoft.Hosting.Lifetime - Application started. Press Ctrl+C to shut down.
2023-09-19 22:34:57,320 [1] INFO Microsoft.Hosting.Lifetime - Hosting environment: Development
2023-09-19 22:34:57,348 [1] INFO Microsoft.Hosting.Lifetime - Content root path: F:\C#Project\EMP_API\EmployeeManagement\
2023-09-19 22:50:58,863 [1] INFO Microsoft.Hosting.Lifetime - Now listening on: http://localhost:5178
2023-09-19 22:50:58,945 [1] INFO Microsoft.Hosting.Lifetime - Application started. Press Ctrl+C to shut down.
2023-09-19 22:50:58,950 [1] INFO Microsoft.Hosting.Lifetime - Hosting environment: Development
2023-09-19 22:50:58,956 [1] INFO Microsoft.Hosting.Lifetime - Content root path: F:\C#Project\EMP_API\EmployeeManagement\
2023-09-19 22:53:04,721 [1] INFO Microsoft.Hosting.Lifetime - Now listening on: http://localhost:5178
2023-09-19 22:53:06,061 [1] INFO Microsoft.Hosting.Lifetime - Application started. Press Ctrl+C to shut down.
2023-09-19 22:53:06,877 [1] INFO Microsoft.Hosting.Lifetime - Hosting environment: Development
2023-09-19 22:53:08,576 [1] INFO Microsoft.Hosting.Lifetime - Content root path: F:\C#Project\EMP_API\EmployeeManagement\
2023-09-22 01:58:52,760 [1] INFO Microsoft.Hosting.Lifetime - Now listening on: http://localhost:5178
2023-09-22 01:58:52,870 [1] INFO Microsoft.Hosting.Lifetime - Application started. Press Ctrl+C to shut down.
2023-09-22 01:58:52,922 [1] INFO Microsoft.Hosting.Lifetime - Hosting environment: Development
2023-09-22 01:58:52,935 [1] INFO Microsoft.Hosting.Lifetime - Content root path: F:\C#Project\EMP_API\EmployeeManagement\
2023-09-24 16:14:13,100 [1] INFO Microsoft.Hosting.Lifetime - Now listening on: http://localhost:5178
2023-09-24 16:14:13,162 [1] INFO Microsoft.Hosting.Lifetime - Application started. Press Ctrl+C to shut down.
2023-09-24 16:14:13,167 [1] INFO Microsoft.Hosting.Lifetime - Hosting environment: Development
2023-09-24 16:14:13,181 [1] INFO Microsoft.Hosting.Lifetime - Content root path: F:\C#Project\EMP_API\EmployeeManagement\
2023-09-24 16:27:53,151 [1] INFO Microsoft.Hosting.Lifetime - Now listening on: http://localhost:5178
2023-09-24 16:27:53,216 [1] INFO Microsoft.Hosting.Lifetime - Application started. Press Ctrl+C to shut down.
2023-09-24 16:27:53,239 [1] INFO Microsoft.Hosting.Lifetime - Hosting environment: Development
2023-09-24 16:27:53,245 [1] INFO Microsoft.Hosting.Lifetime - Content root path: F:\C#Project\EMP_API\EmployeeManagement\
2023-09-24 16:34:16,303 [20] ERROR EmployeeManagement.Controllers.AuthController - An error occurred in EmployeeInsert action
System.Data.SqlClient.SqlException (0x80131904): Procedure or function uspEmployeeInsert has too many arguments specified.
   at System.Data.SqlClient.SqlConnection.OnError(SqlException exception, Boolean breakConnection, Action`1 wrapCloseInAction)
   at System.Data.SqlClient.TdsParser.ThrowExceptionAndWarning(TdsParserStateObject stateObj, Boolean callerHasConnectionLock, Boolean asyncClose)
   at System.Data.SqlClient.TdsParser.TryRun(RunBehavior runBehavior, SqlCommand cmdHandler, SqlDataReader dataStream, BulkCopySimpleResultSet bulkCopyHandler, TdsParserStateObject stateObj, Boolean& dataReady)
   at System.Data.SqlClient.SqlDataReader.TryConsumeMetaData()
   at System.Data.SqlClient.SqlDataReader.get_MetaData()
   at System.Data.SqlClient.SqlCommand.FinishExecuteReader(SqlDataReader ds, RunBehavior runBehavior, String resetOptionsString)
   at System.Data.SqlClient.SqlCommand.RunExecuteReaderTds(CommandBehavior cmdBehavior, RunBehavior runBehavior, Boolean returnStream, Boolean async, Int32 timeout, Task& task, Boolean asyncWrite, SqlDataReader ds)
   at System.Data.SqlClient.SqlCommand.ExecuteReader(CommandBehavior behavior)
   at System.Data.Common.DbCommand.System.Data.IDbCommand.ExecuteReader(CommandBehavior behavior)
   at Dapper.SqlMapper.ExecuteReaderWithFlagsFallback(IDbCommand cmd, Boolean wasClosed, CommandBehavior behavior) in /_/Dapper/SqlMapper.cs:line 1066
   at Dapper.SqlMapper.QueryRowImpl[T](IDbConnection cnn, Row row, CommandDefinition& command, Type effectiveType) in /_/Dapper/SqlMapper.cs:line 1187
   at Dapper.SqlMapper.QueryFirstOrDefault[T](IDbConnection cnn, String sql, Object param, IDbTransaction transaction, Nullable`1 commandTimeout, Nullable`1 commandType) in /_/Dapper/SqlMapper.cs:line 774
   at CrudOperation.CrudOperationDataAccess.InsertUpdateDelete[T](String storedProcedureName, Object spParamsPocoMapper) in F:\C#Project\EMP_API\CrudOperation\CrudOperationDataAccess.cs:line 164
   at Infrastructure.Repositories.EmployeeRepository.EmployeeInsert(EmployeeInsert employeeInsert) in F:\C#Project\EMP_API\Infrastructure\Repositories\EmployeeRepository.cs:line 41
   at EmployeeManagement.Controllers.EmployeeController.EmployeeInsert(EmployeeInsert employeeInsert) in F:\C#Project\EMP_API\EmployeeManagement\Controllers\EmployeeController.cs:line 80
ClientConnectionId:35c6aaaa-bb29-491f-aaef-02586b4f23be
Error Number:8144,State:2,Class:16
2023-09-24 16:35:23,742 [23] ERROR EmployeeManagement.Controllers.AuthController - An error occurred in EmployeeInsert action
System.Data.SqlClient.SqlException (0x80131904): Procedure or function uspEmployeeInsert has too many arguments specified.
   at System.Data.SqlClient.SqlConnection.OnError(SqlException exception, Boolean breakConnection, Action`1 wrapCloseInAction)
   at System.Data.SqlClient.TdsParser.ThrowExceptionAndWarning(TdsParserStateObject stateObj, Boolean callerHasConnectionLock, Boolean asyncClose)
   at System.Data.SqlClient.TdsParser.TryRun(RunBehavior runBehavior, SqlCommand cmdHandler, SqlDataReader dataStream, BulkCopySimpleResultSet bulkCopyHandler, TdsParserStateObject stateObj, Boolean& dataReady)
   at System.Data.SqlClient.SqlDataReader.TryConsumeMetaData()
   at System.Data.SqlClient.SqlDataReader.get_MetaData()
   at System.Data.SqlClient.SqlCommand.FinishExecuteReader(SqlDataReader ds, RunBehavior runBehavior, String resetOptionsString)
   at System.Data.SqlClient.SqlCommand.RunExecuteReaderTds(CommandBehavior cmdBehavior, RunBehavior runBehavior, Boolean returnStream, Boolean async, Int32 timeout, Task& task, Boolean asyncWrite, SqlDataReader ds)
   at System.Data.SqlClient.SqlCommand.ExecuteReader(CommandBehavior behavior)
   at System.Data.Common.DbCommand.System.Data.IDbCommand.ExecuteReader(CommandBehavior behavior)
   at Dapper.SqlMapper.ExecuteReaderWithFlagsFallback(IDbCommand cmd, Boolean wasClosed, CommandBehavior behavior) in /_/Dapper/SqlMapper.cs:line 1066
   at Dapper.SqlMapper.QueryRowImpl[T](IDbConnection cnn, Row row, CommandDefinition& command, Type effectiveType) in /_/Dapper/SqlMapper.cs:line 1187
   at Dapper.SqlMapper.QueryFirstOrDefault[T](IDbConnection cnn, String sql, Object param, IDbTransaction transaction, Nullable`1 commandTimeout, Nullable`1 commandType) in /_/Dapper/SqlMapper.cs:line 774
   at CrudOperation.CrudOperationDataAccess.InsertUpdateDelete[T](String storedProcedureName, Object spParamsPocoMapper) in F:\C#Project\EMP_API\CrudOperation\CrudOperationDataAccess.cs:line 164
   at Infrastructure.Repositories.EmployeeRepository.EmployeeInsert(EmployeeInsert employeeInsert) in F:\C#Project\EMP_API\Infrastructure\Repositories\EmployeeRepository.cs:line 41
   at EmployeeManagement.Controllers.EmployeeController.EmployeeInsert(EmployeeInsert employeeInsert) in F:\C#Project\EMP_API\EmployeeManagement\Controllers\EmployeeController.cs:line 80
ClientConnectionId:35c6aaaa-bb29-491f-aaef-02586b4f23be
Error Number:8144,State:2,Class:16
2023-09-24 16:45:36,957 [23] ERROR EmployeeManagement.Controllers.AuthController - An error occurred in EmployeeInsert action
System.Data.SqlClient.SqlException (0x80131904): Procedure or function 'uspEmployeeInsert' expects parameter '@MontherName', which was not supplied.
   at System.Data.SqlClient.SqlConnection.OnError(SqlException exception, Boolean breakConnection, Action`1 wrapCloseInAction)
   at System.Data.SqlClient.TdsParser.ThrowExceptionAndWarning(TdsParserStateObject stateObj, Boolean callerHasConnectionLock, Boolean asyncClose)
   at System.Data.SqlClient.TdsParser.TryRun(RunBehavior runBehavior, SqlCommand cmdHandler, SqlDataReader dataStream, BulkCopySimpleResultSet bulkCopyHandler, TdsParserStateObject stateObj, Boolean& dataReady)
   at System.Data.SqlClient.SqlDataReader.TryConsumeMetaData()
   at System.Data.SqlClient.SqlDataReader.get_MetaData()
   at System.Data.SqlClient.SqlCommand.FinishExecuteReader(SqlDataReader ds, RunBehavior runBehavior, String resetOptionsString)
   at System.Data.SqlClient.SqlCommand.RunExecuteReaderTds(CommandBehavior cmdBehavior, RunBehavior runBehavior, Boolean returnStream, Boolean async, Int32 timeout, Task& task, Boolean asyncWrite, SqlDataReader ds)
   at System.Data.SqlClient.SqlCommand.ExecuteReader(CommandBehavior behavior)
   at System.Data.Common.DbCommand.System.Data.IDbCommand.ExecuteReader(CommandBehavior behavior)
   at Dapper.SqlMapper.ExecuteReaderWithFlagsFallback(IDbCommand cmd, Boolean wasClosed, CommandBehavior behavior) in /_/Dapper/SqlMapper.cs:line 1066
   at Dapper.SqlMapper.QueryRowImpl[T](IDbConnection cnn, Row row, CommandDefinition& command, Type effectiveType) in /_/Dapper/SqlMapper.cs:line 1187
   at Dapper.SqlMapper.QueryFirstOrDefault[T](IDbConnection cnn, String sql, Object param, IDbTransaction transaction, Nullable`1 commandTimeout, Nullable`1 commandType) in /_/Dapper/SqlMapper.cs:line 774
   at CrudOperation.CrudOperationDataAccess.InsertUpdateDelete[T](String storedProcedureName, Object spParamsPocoMapper) in F:\C#Project\EMP_API\CrudOperation\CrudOperationDataAccess.cs:line 164
   at Infrastructure.Repositories.EmployeeRepository.EmployeeInsert(EmployeeInsert employeeInsert) in F:\C#Project\EMP_API\Infrastructure\Repositories\EmployeeRepository.cs:line 41
   at EmployeeManagement.Controllers.EmployeeController.EmployeeInsert(EmployeeInsert employeeInsert) in F:\C#Project\EMP_API\EmployeeManagement\Controllers\EmployeeController.cs:line 80
ClientConnectionId:52f6173b-968c-4f12-b484-8ebc68fe3cc7
Error Number:201,State:4,Class:16
2023-09-24 16:46:19,088 [26] ERROR EmployeeManagement.Controllers.AuthController - An error occurred in EmployeeInsert action
System.Data.SqlClient.SqlException (0x80131904): Procedure or function 'uspEmployeeInsert' expects parameter '@MontherName', which was not supplied.
   at System.Data.SqlClient.SqlConnection.OnError(SqlException exception, Boolean breakConnection, Action`1 wrapCloseInAction)
   at System.Data.SqlClient.TdsParser.ThrowExceptionAndWarning(TdsParserStateObject stateObj, Boolean callerHasConnectionLock, Boolean asyncClose)
   at System.Data.SqlClient.TdsParser.TryRun(RunBehavior runBehavior, SqlCommand cmdHandler, SqlDataReader dataStream, BulkCopySimpleResultSet bulkCopyHandler, TdsParserStateObject stateObj, Boolean& dataReady)
   at System.Data.SqlClient.SqlDataReader.TryConsumeMetaData()
   at System.Data.SqlClient.SqlDataReader.get_MetaData()
   at System.Data.SqlClient.SqlCommand.FinishExecuteReader(SqlDataReader ds, RunBehavior runBehavior, String resetOptionsString)
   at System.Data.SqlClient.SqlCommand.RunExecuteReaderTds(CommandBehavior cmdBehavior, RunBehavior runBehavior, Boolean returnStream, Boolean async, Int32 timeout, Task& task, Boolean asyncWrite, SqlDataReader ds)
   at System.Data.SqlClient.SqlCommand.ExecuteReader(CommandBehavior behavior)
   at System.Data.Common.DbCommand.System.Data.IDbCommand.ExecuteReader(CommandBehavior behavior)
   at Dapper.SqlMapper.ExecuteReaderWithFlagsFallback(IDbCommand cmd, Boolean wasClosed, CommandBehavior behavior) in /_/Dapper/SqlMapper.cs:line 1066
   at Dapper.SqlMapper.QueryRowImpl[T](IDbConnection cnn, Row row, CommandDefinition& command, Type effectiveType) in /_/Dapper/SqlMapper.cs:line 1187
   at Dapper.SqlMapper.QueryFirstOrDefault[T](IDbConnection cnn, String sql, Object param, IDbTransaction transaction, Nullable`1 commandTimeout, Nullable`1 commandType) in /_/Dapper/SqlMapper.cs:line 774
   at CrudOperation.CrudOperationDataAccess.InsertUpdateDelete[T](String storedProcedureName, Object spParamsPocoMapper) in F:\C#Project\EMP_API\CrudOperation\CrudOperationDataAccess.cs:line 164
   at Infrastructure.Repositories.EmployeeRepository.EmployeeInsert(EmployeeInsert employeeInsert) in F:\C#Project\EMP_API\Infrastructure\Repositories\EmployeeRepository.cs:line 41
   at EmployeeManagement.Controllers.EmployeeController.EmployeeInsert(EmployeeInsert employeeInsert) in F:\C#Project\EMP_API\EmployeeManagement\Controllers\EmployeeController.cs:line 80
ClientConnectionId:52f6173b-968c-4f12-b484-8ebc68fe3cc7
Error Number:201,State:4,Class:16
2023-09-24 16:46:52,219 [48] ERROR EmployeeManagement.Controllers.AuthController - An error occurred in EmployeeInsert action
System.Data.SqlClient.SqlException (0x80131904): Procedure or function 'uspEmployeeInsert' expects parameter '@MontherName', which was not supplied.
   at System.Data.SqlClient.SqlConnection.OnError(SqlException exception, Boolean breakConnection, Action`1 wrapCloseInAction)
   at System.Data.SqlClient.TdsParser.ThrowExceptionAndWarning(TdsParserStateObject stateObj, Boolean callerHasConnectionLock, Boolean asyncClose)
   at System.Data.SqlClient.TdsParser.TryRun(RunBehavior runBehavior, SqlCommand cmdHandler, SqlDataReader dataStream, BulkCopySimpleResultSet bulkCopyHandler, TdsParserStateObject stateObj, Boolean& dataReady)
   at System.Data.SqlClient.SqlDataReader.TryConsumeMetaData()
   at System.Data.SqlClient.SqlDataReader.get_MetaData()
   at System.Data.SqlClient.SqlCommand.FinishExecuteReader(SqlDataReader ds, RunBehavior runBehavior, String resetOptionsString)
   at System.Data.SqlClient.SqlCommand.RunExecuteReaderTds(CommandBehavior cmdBehavior, RunBehavior runBehavior, Boolean returnStream, Boolean async, Int32 timeout, Task& task, Boolean asyncWrite, SqlDataReader ds)
   at System.Data.SqlClient.SqlCommand.ExecuteReader(CommandBehavior behavior)
   at System.Data.Common.DbCommand.System.Data.IDbCommand.ExecuteReader(CommandBehavior behavior)
   at Dapper.SqlMapper.ExecuteReaderWithFlagsFallback(IDbCommand cmd, Boolean wasClosed, CommandBehavior behavior) in /_/Dapper/SqlMapper.cs:line 1066
   at Dapper.SqlMapper.QueryRowImpl[T](IDbConnection cnn, Row row, CommandDefinition& command, Type effectiveType) in /_/Dapper/SqlMapper.cs:line 1187
   at Dapper.SqlMapper.QueryFirstOrDefault[T](IDbConnection cnn, String sql, Object param, IDbTransaction transaction, Nullable`1 commandTimeout, Nullable`1 commandType) in /_/Dapper/SqlMapper.cs:line 774
   at CrudOperation.CrudOperationDataAccess.InsertUpdateDelete[T](String storedProcedureName, Object spParamsPocoMapper) in F:\C#Project\EMP_API\CrudOperation\CrudOperationDataAccess.cs:line 164
   at Infrastructure.Repositories.EmployeeRepository.EmployeeInsert(EmployeeInsert employeeInsert)
   at EmployeeManagement.Controllers.EmployeeController.EmployeeInsert(EmployeeInsert employeeInsert) in F:\C#Project\EMP_API\EmployeeManagement\Controllers\EmployeeController.cs:line 80
ClientConnectionId:52f6173b-968c-4f12-b484-8ebc68fe3cc7
Error Number:201,State:4,Class:16
2023-09-24 16:52:20,551 [24] ERROR EmployeeManagement.Controllers.AuthController - An error occurred in EmployeeInsert action
System.Data.SqlClient.SqlException (0x80131904): Procedure or function 'uspEmployeeInsert' expects parameter '@MontherName', which was not supplied.
   at System.Data.SqlClient.SqlConnection.OnError(SqlException exception, Boolean breakConnection, Action`1 wrapCloseInAction)
   at System.Data.SqlClient.TdsParser.ThrowExceptionAndWarning(TdsParserStateObject stateObj, Boolean callerHasConnectionLock, Boolean asyncClose)
   at System.Data.SqlClient.TdsParser.TryRun(RunBehavior runBehavior, SqlCommand cmdHandler, SqlDataReader dataStream, BulkCopySimpleResultSet bulkCopyHandler, TdsParserStateObject stateObj, Boolean& dataReady)
   at System.Data.SqlClient.SqlDataReader.TryConsumeMetaData()
   at System.Data.SqlClient.SqlDataReader.get_MetaData()
   at System.Data.SqlClient.SqlCommand.FinishExecuteReader(SqlDataReader ds, RunBehavior runBehavior, String resetOptionsString)
   at System.Data.SqlClient.SqlCommand.RunExecuteReaderTds(CommandBehavior cmdBehavior, RunBehavior runBehavior, Boolean returnStream, Boolean async, Int32 timeout, Task& task, Boolean asyncWrite, SqlDataReader ds)
   at System.Data.SqlClient.SqlCommand.ExecuteReader(CommandBehavior behavior)
   at System.Data.Common.DbCommand.System.Data.IDbCommand.ExecuteReader(CommandBehavior behavior)
   at Dapper.SqlMapper.ExecuteReaderWithFlagsFallback(IDbCommand cmd, Boolean wasClosed, CommandBehavior behavior) in /_/Dapper/SqlMapper.cs:line 1066
   at Dapper.SqlMapper.QueryRowImpl[T](IDbConnection cnn, Row row, CommandDefinition& command, Type effectiveType) in /_/Dapper/SqlMapper.cs:line 1187
   at Dapper.SqlMapper.QueryFirstOrDefault[T](IDbConnection cnn, String sql, Object param, IDbTransaction transaction, Nullable`1 commandTimeout, Nullable`1 commandType) in /_/Dapper/SqlMapper.cs:line 774
   at CrudOperation.CrudOperationDataAccess.InsertUpdateDelete[T](String storedProcedureName, Object spParamsPocoMapper) in F:\C#Project\EMP_API\CrudOperation\CrudOperationDataAccess.cs:line 164
   at Infrastructure.Repositories.EmployeeRepository.EmployeeInsert(EmployeeInsert employeeInsert)
   at EmployeeManagement.Controllers.EmployeeController.EmployeeInsert(EmployeeInsert employeeInsert) in F:\C#Project\EMP_API\EmployeeManagement\Controllers\EmployeeController.cs:line 80
ClientConnectionId:52f6173b-968c-4f12-b484-8ebc68fe3cc7
Error Number:201,State:4,Class:16
2023-09-24 16:54:40,648 [15] ERROR EmployeeManagement.Controllers.AuthController - An error occurred in EmployeeInsert action
System.Data.SqlClient.SqlException (0x80131904): Procedure or function 'uspEmployeeInsert' expects parameter '@MontherName', which was not supplied.
   at System.Data.SqlClient.SqlConnection.OnError(SqlException exception, Boolean breakConnection, Action`1 wrapCloseInAction)
   at System.Data.SqlClient.TdsParser.ThrowExceptionAndWarning(TdsParserStateObject stateObj, Boolean callerHasConnectionLock, Boolean asyncClose)
   at System.Data.SqlClient.TdsParser.TryRun(RunBehavior runBehavior, SqlCommand cmdHandler, SqlDataReader dataStream, BulkCopySimpleResultSet bulkCopyHandler, TdsParserStateObject stateObj, Boolean& dataReady)
   at System.Data.SqlClient.SqlDataReader.TryConsumeMetaData()
   at System.Data.SqlClient.SqlDataReader.get_MetaData()
   at System.Data.SqlClient.SqlCommand.FinishExecuteReader(SqlDataReader ds, RunBehavior runBehavior, String resetOptionsString)
   at System.Data.SqlClient.SqlCommand.RunExecuteReaderTds(CommandBehavior cmdBehavior, RunBehavior runBehavior, Boolean returnStream, Boolean async, Int32 timeout, Task& task, Boolean asyncWrite, SqlDataReader ds)
   at System.Data.SqlClient.SqlCommand.ExecuteReader(CommandBehavior behavior)
   at System.Data.Common.DbCommand.System.Data.IDbCommand.ExecuteReader(CommandBehavior behavior)
   at Dapper.SqlMapper.ExecuteReaderWithFlagsFallback(IDbCommand cmd, Boolean wasClosed, CommandBehavior behavior) in /_/Dapper/SqlMapper.cs:line 1066
   at Dapper.SqlMapper.QueryRowImpl[T](IDbConnection cnn, Row row, CommandDefinition& command, Type effectiveType) in /_/Dapper/SqlMapper.cs:line 1187
   at Dapper.SqlMapper.QueryFirstOrDefault[T](IDbConnection cnn, String sql, Object param, IDbTransaction transaction, Nullable`1 commandTimeout, Nullable`1 commandType) in /_/Dapper/SqlMapper.cs:line 774
   at CrudOperation.CrudOperationDataAccess.InsertUpdateDelete[T](String storedProcedureName, Object spParamsPocoMapper) in F:\C#Project\EMP_API\CrudOperation\CrudOperationDataAccess.cs:line 164
   at Infrastructure.Repositories.EmployeeRepository.EmployeeInsert(EmployeeInsert employeeInsert)
   at EmployeeManagement.Controllers.EmployeeController.EmployeeInsert(EmployeeInsert employeeInsert) in F:\C#Project\EMP_API\EmployeeManagement\Controllers\EmployeeController.cs:line 80
ClientConnectionId:52f6173b-968c-4f12-b484-8ebc68fe3cc7
Error Number:201,State:4,Class:16
2023-09-24 16:55:35,855 [1] INFO Microsoft.Hosting.Lifetime - Now listening on: http://localhost:5178
2023-09-24 16:55:35,900 [1] INFO Microsoft.Hosting.Lifetime - Application started. Press Ctrl+C to shut down.
2023-09-24 16:55:35,916 [1] INFO Microsoft.Hosting.Lifetime - Hosting environment: Development
2023-09-24 16:55:35,920 [1] INFO Microsoft.Hosting.Lifetime - Content root path: F:\C#Project\EMP_API\EmployeeManagement\
2023-09-24 17:01:02,884 [8] ERROR EmployeeManagement.Controllers.AuthController - An error occurred in EmployeeInsert action
System.Data.SqlClient.SqlException (0x80131904): Procedure or function 'uspEmployeeInsert' expects parameter '@MontherOcupation', which was not supplied.
   at System.Data.SqlClient.SqlConnection.OnError(SqlException exception, Boolean breakConnection, Action`1 wrapCloseInAction)
   at System.Data.SqlClient.TdsParser.ThrowExceptionAndWarning(TdsParserStateObject stateObj, Boolean callerHasConnectionLock, Boolean asyncClose)
   at System.Data.SqlClient.TdsParser.TryRun(RunBehavior runBehavior, SqlCommand cmdHandler, SqlDataReader dataStream, BulkCopySimpleResultSet bulkCopyHandler, TdsParserStateObject stateObj, Boolean& dataReady)
   at System.Data.SqlClient.SqlDataReader.TryConsumeMetaData()
   at System.Data.SqlClient.SqlDataReader.get_MetaData()
   at System.Data.SqlClient.SqlCommand.FinishExecuteReader(SqlDataReader ds, RunBehavior runBehavior, String resetOptionsString)
   at System.Data.SqlClient.SqlCommand.RunExecuteReaderTds(CommandBehavior cmdBehavior, RunBehavior runBehavior, Boolean returnStream, Boolean async, Int32 timeout, Task& task, Boolean asyncWrite, SqlDataReader ds)
   at System.Data.SqlClient.SqlCommand.ExecuteReader(CommandBehavior behavior)
   at System.Data.Common.DbCommand.System.Data.IDbCommand.ExecuteReader(CommandBehavior behavior)
   at Dapper.SqlMapper.ExecuteReaderWithFlagsFallback(IDbCommand cmd, Boolean wasClosed, CommandBehavior behavior) in /_/Dapper/SqlMapper.cs:line 1066
   at Dapper.SqlMapper.QueryRowImpl[T](IDbConnection cnn, Row row, CommandDefinition& command, Type effectiveType) in /_/Dapper/SqlMapper.cs:line 1187
   at Dapper.SqlMapper.QueryFirstOrDefault[T](IDbConnection cnn, String sql, Object param, IDbTransaction transaction, Nullable`1 commandTimeout, Nullable`1 commandType) in /_/Dapper/SqlMapper.cs:line 774
   at CrudOperation.CrudOperationDataAccess.InsertUpdateDelete[T](String storedProcedureName, Object spParamsPocoMapper) in F:\C#Project\EMP_API\CrudOperation\CrudOperationDataAccess.cs:line 164
   at Infrastructure.Repositories.EmployeeRepository.EmployeeInsert(EmployeeInsert employeeInsert) in F:\C#Project\EMP_API\Infrastructure\Repositories\EmployeeRepository.cs:line 41
   at EmployeeManagement.Controllers.EmployeeController.EmployeeInsert(EmployeeInsert employeeInsert) in F:\C#Project\EMP_API\EmployeeManagement\Controllers\EmployeeController.cs:line 80
ClientConnectionId:06cb9b9c-8324-4235-b4c4-1980e5d0ded8
Error Number:201,State:4,Class:16
2023-09-24 17:02:12,144 [1] INFO Microsoft.Hosting.Lifetime - Now listening on: http://localhost:5178
2023-09-24 17:02:12,183 [1] INFO Microsoft.Hosting.Lifetime - Application started. Press Ctrl+C to shut down.
2023-09-24 17:02:12,192 [1] INFO Microsoft.Hosting.Lifetime - Hosting environment: Development
2023-09-24 17:02:12,197 [1] INFO Microsoft.Hosting.Lifetime - Content root path: F:\C#Project\EMP_API\EmployeeManagement\
2023-09-24 17:37:43,789 [1] INFO Microsoft.Hosting.Lifetime - Now listening on: http://localhost:5178
2023-09-24 17:37:43,871 [1] INFO Microsoft.Hosting.Lifetime - Application started. Press Ctrl+C to shut down.
2023-09-24 17:37:43,882 [1] INFO Microsoft.Hosting.Lifetime - Hosting environment: Development
2023-09-24 17:37:43,895 [1] INFO Microsoft.Hosting.Lifetime - Content root path: F:\C#Project\EMP_API\EmployeeManagement\
2023-09-24 17:47:39,496 [1] INFO Microsoft.Hosting.Lifetime - Now listening on: http://localhost:5178
2023-09-24 17:47:39,543 [1] INFO Microsoft.Hosting.Lifetime - Application started. Press Ctrl+C to shut down.
2023-09-24 17:47:39,571 [1] INFO Microsoft.Hosting.Lifetime - Hosting environment: Development
2023-09-24 17:47:39,575 [1] INFO Microsoft.Hosting.Lifetime - Content root path: F:\C#Project\EMP_API\EmployeeManagement\
2023-09-24 17:56:21,402 [1] INFO Microsoft.Hosting.Lifetime - Now listening on: http://localhost:5178
2023-09-24 17:56:21,647 [1] INFO Microsoft.Hosting.Lifetime - Application started. Press Ctrl+C to shut down.
2023-09-24 17:56:21,680 [1] INFO Microsoft.Hosting.Lifetime - Hosting environment: Development
2023-09-24 17:56:21,686 [1] INFO Microsoft.Hosting.Lifetime - Content root path: F:\C#Project\EMP_API\EmployeeManagement\
2023-09-24 17:57:19,524 [1] INFO Microsoft.Hosting.Lifetime - Now listening on: http://localhost:5178
2023-09-24 17:57:19,562 [1] INFO Microsoft.Hosting.Lifetime - Application started. Press Ctrl+C to shut down.
2023-09-24 17:57:19,578 [1] INFO Microsoft.Hosting.Lifetime - Hosting environment: Development
2023-09-24 17:57:19,584 [1] INFO Microsoft.Hosting.Lifetime - Content root path: F:\C#Project\EMP_API\EmployeeManagement\
2023-09-24 18:03:12,723 [1] INFO Microsoft.Hosting.Lifetime - Now listening on: http://localhost:5178
2023-09-24 18:03:12,763 [1] INFO Microsoft.Hosting.Lifetime - Application started. Press Ctrl+C to shut down.
2023-09-24 18:03:12,775 [1] INFO Microsoft.Hosting.Lifetime - Hosting environment: Development
2023-09-24 18:03:12,780 [1] INFO Microsoft.Hosting.Lifetime - Content root path: F:\C#Project\EMP_API\EmployeeManagement\
2023-09-24 18:07:45,909 [1] INFO Microsoft.Hosting.Lifetime - Now listening on: http://localhost:5178
2023-09-24 18:07:45,951 [1] INFO Microsoft.Hosting.Lifetime - Application started. Press Ctrl+C to shut down.
2023-09-24 18:07:45,956 [1] INFO Microsoft.Hosting.Lifetime - Hosting environment: Development
2023-09-24 18:07:45,963 [1] INFO Microsoft.Hosting.Lifetime - Content root path: F:\C#Project\EMP_API\EmployeeManagement\
2023-09-24 18:09:06,083 [1] INFO Microsoft.Hosting.Lifetime - Now listening on: http://localhost:5178
2023-09-24 18:09:06,142 [1] INFO Microsoft.Hosting.Lifetime - Application started. Press Ctrl+C to shut down.
2023-09-24 18:09:06,147 [1] INFO Microsoft.Hosting.Lifetime - Hosting environment: Development
2023-09-24 18:09:06,153 [1] INFO Microsoft.Hosting.Lifetime - Content root path: F:\C#Project\EMP_API\EmployeeManagement\
2023-09-24 18:12:13,904 [1] INFO Microsoft.Hosting.Lifetime - Now listening on: http://localhost:5178
2023-09-24 18:12:13,943 [1] INFO Microsoft.Hosting.Lifetime - Application started. Press Ctrl+C to shut down.
2023-09-24 18:12:13,993 [1] INFO Microsoft.Hosting.Lifetime - Hosting environment: Development
2023-09-24 18:12:13,998 [1] INFO Microsoft.Hosting.Lifetime - Content root path: F:\C#Project\EMP_API\EmployeeManagement\
2023-09-24 18:18:49,917 [1] INFO Microsoft.Hosting.Lifetime - Now listening on: http://localhost:5178
2023-09-24 18:18:49,956 [1] INFO Microsoft.Hosting.Lifetime - Application started. Press Ctrl+C to shut down.
2023-09-24 18:18:49,969 [1] INFO Microsoft.Hosting.Lifetime - Hosting environment: Development
2023-09-24 18:18:49,973 [1] INFO Microsoft.Hosting.Lifetime - Content root path: F:\C#Project\EMP_API\EmployeeManagement\
2023-09-24 18:27:02,773 [1] INFO Microsoft.Hosting.Lifetime - Now listening on: http://localhost:5178
2023-09-24 18:27:02,841 [1] INFO Microsoft.Hosting.Lifetime - Application started. Press Ctrl+C to shut down.
2023-09-24 18:27:02,848 [1] INFO Microsoft.Hosting.Lifetime - Hosting environment: Development
2023-09-24 18:27:02,852 [1] INFO Microsoft.Hosting.Lifetime - Content root path: F:\C#Project\EMP_API\EmployeeManagement\
2023-09-24 18:36:37,824 [1] INFO Microsoft.Hosting.Lifetime - Now listening on: http://localhost:5178
2023-09-24 18:36:37,923 [1] INFO Microsoft.Hosting.Lifetime - Application started. Press Ctrl+C to shut down.
2023-09-24 18:36:37,967 [1] INFO Microsoft.Hosting.Lifetime - Hosting environment: Development
2023-09-24 18:36:38,036 [1] INFO Microsoft.Hosting.Lifetime - Content root path: F:\C#Project\EMP_API\EmployeeManagement\
2023-09-24 18:43:32,628 [1] INFO Microsoft.Hosting.Lifetime - Now listening on: http://localhost:5178
2023-09-24 18:43:32,663 [1] INFO Microsoft.Hosting.Lifetime - Application started. Press Ctrl+C to shut down.
2023-09-24 18:43:32,676 [1] INFO Microsoft.Hosting.Lifetime - Hosting environment: Development
2023-09-24 18:43:32,690 [1] INFO Microsoft.Hosting.Lifetime - Content root path: F:\C#Project\EMP_API\EmployeeManagement\
2023-09-24 18:48:42,214 [1] INFO Microsoft.Hosting.Lifetime - Now listening on: http://localhost:5178
2023-09-24 18:48:42,252 [1] INFO Microsoft.Hosting.Lifetime - Application started. Press Ctrl+C to shut down.
2023-09-24 18:48:42,265 [1] INFO Microsoft.Hosting.Lifetime - Hosting environment: Development
2023-09-24 18:48:42,279 [1] INFO Microsoft.Hosting.Lifetime - Content root path: F:\C#Project\EMP_API\EmployeeManagement\
2023-09-24 18:50:49,686 [1] INFO Microsoft.Hosting.Lifetime - Now listening on: http://localhost:5178
2023-09-24 18:50:49,747 [1] INFO Microsoft.Hosting.Lifetime - Application started. Press Ctrl+C to shut down.
2023-09-24 18:50:49,752 [1] INFO Microsoft.Hosting.Lifetime - Hosting environment: Development
2023-09-24 18:50:49,761 [1] INFO Microsoft.Hosting.Lifetime - Content root path: F:\C#Project\EMP_API\EmployeeManagement\
2023-09-24 18:52:49,284 [1] INFO Microsoft.Hosting.Lifetime - Now listening on: http://localhost:5178
2023-09-24 18:52:49,328 [1] INFO Microsoft.Hosting.Lifetime - Application started. Press Ctrl+C to shut down.
2023-09-24 18:52:49,346 [1] INFO Microsoft.Hosting.Lifetime - Hosting environment: Development
2023-09-24 18:52:49,354 [1] INFO Microsoft.Hosting.Lifetime - Content root path: F:\C#Project\EMP_API\EmployeeManagement\
2023-09-24 18:53:56,780 [1] INFO Microsoft.Hosting.Lifetime - Now listening on: http://localhost:5178
2023-09-24 18:53:56,826 [1] INFO Microsoft.Hosting.Lifetime - Application started. Press Ctrl+C to shut down.
2023-09-24 18:53:56,833 [1] INFO Microsoft.Hosting.Lifetime - Hosting environment: Development
2023-09-24 18:53:56,844 [1] INFO Microsoft.Hosting.Lifetime - Content root path: F:\C#Project\EMP_API\EmployeeManagement\
2023-09-24 19:00:26,292 [1] INFO Microsoft.Hosting.Lifetime - Now listening on: http://localhost:5178
2023-09-24 19:00:26,332 [1] INFO Microsoft.Hosting.Lifetime - Application started. Press Ctrl+C to shut down.
2023-09-24 19:00:26,356 [1] INFO Microsoft.Hosting.Lifetime - Hosting environment: Development
2023-09-24 19:00:26,384 [1] INFO Microsoft.Hosting.Lifetime - Content root path: F:\C#Project\EMP_API\EmployeeManagement\
2023-09-24 19:06:10,946 [1] INFO Microsoft.Hosting.Lifetime - Now listening on: http://localhost:5178
2023-09-24 19:06:11,149 [1] INFO Microsoft.Hosting.Lifetime - Application started. Press Ctrl+C to shut down.
2023-09-24 19:06:11,155 [1] INFO Microsoft.Hosting.Lifetime - Hosting environment: Development
2023-09-24 19:06:11,162 [1] INFO Microsoft.Hosting.Lifetime - Content root path: F:\C#Project\EMP_API\EmployeeManagement\
2023-09-24 19:13:21,540 [1] INFO Microsoft.Hosting.Lifetime - Now listening on: http://localhost:5178
2023-09-24 19:13:21,579 [1] INFO Microsoft.Hosting.Lifetime - Application started. Press Ctrl+C to shut down.
2023-09-24 19:13:21,595 [1] INFO Microsoft.Hosting.Lifetime - Hosting environment: Development
2023-09-24 19:13:21,599 [1] INFO Microsoft.Hosting.Lifetime - Content root path: F:\C#Project\EMP_API\EmployeeManagement\
2023-09-24 19:17:54,108 [1] INFO Microsoft.Hosting.Lifetime - Now listening on: http://localhost:5178
2023-09-24 19:17:54,148 [1] INFO Microsoft.Hosting.Lifetime - Application started. Press Ctrl+C to shut down.
2023-09-24 19:17:54,162 [1] INFO Microsoft.Hosting.Lifetime - Hosting environment: Development
2023-09-24 19:17:54,168 [1] INFO Microsoft.Hosting.Lifetime - Content root path: F:\C#Project\EMP_API\EmployeeManagement\
2023-09-24 19:19:41,522 [1] INFO Microsoft.Hosting.Lifetime - Now listening on: http://localhost:5178
2023-09-24 19:19:41,616 [1] INFO Microsoft.Hosting.Lifetime - Application started. Press Ctrl+C to shut down.
2023-09-24 19:19:41,648 [1] INFO Microsoft.Hosting.Lifetime - Hosting environment: Development
2023-09-24 19:19:41,676 [1] INFO Microsoft.Hosting.Lifetime - Content root path: F:\C#Project\EMP_API\EmployeeManagement\
2023-09-24 19:20:57,040 [1] INFO Microsoft.Hosting.Lifetime - Now listening on: http://localhost:5178
2023-09-24 19:20:57,140 [1] INFO Microsoft.Hosting.Lifetime - Application started. Press Ctrl+C to shut down.
2023-09-24 19:20:57,169 [1] INFO Microsoft.Hosting.Lifetime - Hosting environment: Development
2023-09-24 19:20:57,173 [1] INFO Microsoft.Hosting.Lifetime - Content root path: F:\C#Project\EMP_API\EmployeeManagement\
2023-09-24 19:23:10,146 [1] INFO Microsoft.Hosting.Lifetime - Now listening on: http://localhost:5178
2023-09-24 19:23:10,208 [1] INFO Microsoft.Hosting.Lifetime - Application started. Press Ctrl+C to shut down.
2023-09-24 19:23:10,215 [1] INFO Microsoft.Hosting.Lifetime - Hosting environment: Development
2023-09-24 19:23:10,219 [1] INFO Microsoft.Hosting.Lifetime - Content root path: F:\C#Project\EMP_API\EmployeeManagement\
